<?xml version="1.0" encoding="UTF-8"?>
<!-- Generated by org.testng.reporters.JUnitReportReporter -->
<testsuite skipped="0" hostname="DESKTOP-ID9MJDP" name="com.wbl.test.TestReadProperties" tests="1" failures="0" timestamp="13 Mar 2017 20:06:43 GMT" time="0.021" errors="0">
  <testcase name="getCityTest" time="0.021" classname="com.wbl.test.TestReadProperties"/>
</testsuite> <!-- com.wbl.test.TestReadProperties -->
