<?xml version="1.0" encoding="UTF-8"?>
<!-- Generated by org.testng.reporters.JUnitReportReporter -->
<testsuite skipped="0" hostname="DESKTOP-ID9MJDP" name="com.wbl.testng.TestHomePage4" tests="4" failures="0" timestamp="13 Mar 2017 18:50:53 GMT" time="0.014" errors="0">
  <testcase name="testRecordings" time="0.001" classname="com.wbl.testng.TestHomePage4"/>
  <testcase name="testPresentation" time="0.006" classname="com.wbl.testng.TestHomePage4"/>
  <testcase name="testLogin" time="0.006" classname="com.wbl.testng.TestHomePage4"/>
  <testcase name="testLogout" time="0.001" classname="com.wbl.testng.TestHomePage4"/>
</testsuite> <!-- com.wbl.testng.TestHomePage4 -->
