<?xml version="1.0" encoding="UTF-8"?>
<!-- Generated by org.testng.reporters.JUnitReportReporter -->
<testsuite skipped="0" hostname="DESKTOP-ID9MJDP" name="com.wbl.test.TestCalculator" tests="4" failures="0" timestamp="08 Mar 2017 20:50:22 GMT" time="0.022" errors="0">
  <testcase name="testDoCalc2" time="0.004" classname="com.wbl.test.TestCalculator"/>
  <testcase name="testDoCalc" time="0.009" classname="com.wbl.test.TestCalculator"/>
  <testcase name="testDoCalc1" time="0.007" classname="com.wbl.test.TestCalculator"/>
  <testcase name="testDoCalc3" time="0.002" classname="com.wbl.test.TestCalculator"/>
</testsuite> <!-- com.wbl.test.TestCalculator -->
