<?xml version="1.0" encoding="UTF-8"?>
<!-- Generated by org.testng.reporters.JUnitReportReporter -->
<testsuite skipped="0" hostname="DESKTOP-ID9MJDP" name="com.wbl.testng.TestBasicString" tests="2" failures="0" timestamp="13 Mar 2017 19:42:18 GMT" time="0.015" errors="0">
  <testcase name="test3" time="0.001" classname="com.wbl.testng.TestBasicString"/>
  <testcase name="test2" time="0.014" classname="com.wbl.testng.TestBasicString"/>
</testsuite> <!-- com.wbl.testng.TestBasicString -->
