<?xml version="1.0" encoding="UTF-8"?>
<!-- Generated by org.testng.reporters.JUnitReportReporter -->
<testsuite skipped="0" hostname="DESKTOP-ID9MJDP" name="com.wbl.testng.TestHomePage2" tests="4" failures="0" timestamp="13 Mar 2017 19:42:18 GMT" time="0.007" errors="0">
  <testcase name="testPresentation" time="0.002" classname="com.wbl.testng.TestHomePage2"/>
  <testcase name="testLogin" time="0.003" classname="com.wbl.testng.TestHomePage2"/>
  <testcase name="testRecordings" time="0.001" classname="com.wbl.testng.TestHomePage2"/>
  <testcase name="testLogout" time="0.001" classname="com.wbl.testng.TestHomePage2"/>
</testsuite> <!-- com.wbl.testng.TestHomePage2 -->
