<?xml version="1.0" encoding="UTF-8"?>
<!-- Generated by org.testng.reporters.JUnitReportReporter -->
<testsuite skipped="0" hostname="DESKTOP-ID9MJDP" name="com.wbl.testng.TestCalculator" tests="3" failures="0" timestamp="10 Mar 2017 23:52:20 GMT" time="0.017" errors="0">
  <testcase name="testCalc" time="0.002" classname="com.wbl.testng.TestCalculator"/>
  <testcase name="testCalc" time="0.014" classname="com.wbl.testng.TestCalculator"/>
  <testcase name="testCalc" time="0.001" classname="com.wbl.testng.TestCalculator"/>
</testsuite> <!-- com.wbl.testng.TestCalculator -->
