<?xml version="1.0" encoding="UTF-8"?>
<!-- Generated by org.testng.reporters.JUnitReportReporter -->
<testsuite skipped="0" hostname="DESKTOP-ID9MJDP" name="ElementMethod" tests="1" failures="0" timestamp="14 Mar 2017 22:14:06 GMT" time="5.437" errors="0">
  <testcase name="facebookHome" time="5.437" classname="ElementMethod"/>
</testsuite> <!-- ElementMethod -->
