<?xml version="1.0" encoding="UTF-8"?>
<!-- Generated by org.testng.reporters.JUnitReportReporter -->
<testsuite skipped="0" hostname="DESKTOP-ID9MJDP" name="WebElementsExample" tests="1" failures="0" timestamp="14 Mar 2017 23:17:16 GMT" time="6.817" errors="0">
  <testcase name="walmartSignUp" time="6.817" classname="WebElementsExample"/>
</testsuite> <!-- WebElementsExample -->
