<?xml version="1.0" encoding="UTF-8"?>
<!-- Generated by org.testng.reporters.JUnitReportReporter -->
<testsuite skipped="0" hostname="DESKTOP-ID9MJDP" name="FirstWebDriver" tests="1" failures="0" timestamp="10 Mar 2017 20:01:03 GMT" time="11.478" errors="0">
  <testcase name="testHomePageSignIn" time="11.478" classname="FirstWebDriver"/>
</testsuite> <!-- FirstWebDriver -->
