<?xml version="1.0" encoding="UTF-8"?>
<!-- Generated by org.testng.reporters.JUnitReportReporter -->
<testsuite skipped="0" hostname="DESKTOP-ID9MJDP" name="TestWalmart" tests="2" failures="0" timestamp="16 Mar 2017 23:19:44 GMT" time="8.116" errors="0">
  <testcase name="getLocationTwitter" time="4.154" classname="TestWalmart"/>
  <testcase name="testWalmart" time="3.962" classname="TestWalmart"/>
</testsuite> <!-- TestWalmart -->
