<?xml version="1.0" encoding="UTF-8"?>
<!-- Generated by org.testng.reporters.JUnitReportReporter -->
<testsuite skipped="0" hostname="DESKTOP-ID9MJDP" name="WebDriverMethods" tests="1" failures="0" timestamp="10 Mar 2017 20:57:32 GMT" time="7.776" errors="0">
  <testcase name="testHomePageRegister" time="7.776" classname="WebDriverMethods"/>
</testsuite> <!-- WebDriverMethods -->
