<?xml version="1.0" encoding="UTF-8"?>
<!-- Generated by org.testng.reporters.JUnitReportReporter -->
<testsuite skipped="0" hostname="DESKTOP-ID9MJDP" name="WindowHandles" tests="1" failures="0" timestamp="10 Mar 2017 21:11:34 GMT" time="7.001" errors="0">
  <testcase name="windowHandles" time="7.001" classname="WindowHandles"/>
</testsuite> <!-- WindowHandles -->
